Determining if the function crc32c_value exists in the crc32c failed with the following output:
Change Dir: /home/cloudshell-user/proj2-543/build_release/CMakeFiles/CMakeTmp

Run Build Command(s):/usr/bin/gmake -f Makefile cmTC_3aba4/fast && /usr/bin/gmake  -f CMakeFiles/cmTC_3aba4.dir/build.make CMakeFiles/cmTC_3aba4.dir/build
gmake[1]: Entering directory '/home/cloudshell-user/proj2-543/build_release/CMakeFiles/CMakeTmp'
Building C object CMakeFiles/cmTC_3aba4.dir/CheckFunctionExists.c.o
/usr/bin/cc   -DCHECK_FUNCTION_EXISTS=crc32c_value -std=c11 -o CMakeFiles/cmTC_3aba4.dir/CheckFunctionExists.c.o -c /usr/share/cmake/Modules/CheckFunctionExists.c
Linking C executable cmTC_3aba4
/usr/bin/cmake -E cmake_link_script CMakeFiles/cmTC_3aba4.dir/link.txt --verbose=1
/usr/bin/cc  -DCHECK_FUNCTION_EXISTS=crc32c_value CMakeFiles/cmTC_3aba4.dir/CheckFunctionExists.c.o -o cmTC_3aba4  -lcrc32c 
/usr/bin/ld: cannot find -lcrc32c: No such file or directory
collect2: error: ld returned 1 exit status
gmake[1]: *** [CMakeFiles/cmTC_3aba4.dir/build.make:99: cmTC_3aba4] Error 1
gmake[1]: Leaving directory '/home/cloudshell-user/proj2-543/build_release/CMakeFiles/CMakeTmp'
gmake: *** [Makefile:127: cmTC_3aba4/fast] Error 2



Determining if the function snappy_compress exists in the snappy failed with the following output:
Change Dir: /home/cloudshell-user/proj2-543/build_release/CMakeFiles/CMakeTmp

Run Build Command(s):/usr/bin/gmake -f Makefile cmTC_e82b9/fast && /usr/bin/gmake  -f CMakeFiles/cmTC_e82b9.dir/build.make CMakeFiles/cmTC_e82b9.dir/build
gmake[1]: Entering directory '/home/cloudshell-user/proj2-543/build_release/CMakeFiles/CMakeTmp'
Building C object CMakeFiles/cmTC_e82b9.dir/CheckFunctionExists.c.o
/usr/bin/cc   -DCHECK_FUNCTION_EXISTS=snappy_compress -std=c11 -o CMakeFiles/cmTC_e82b9.dir/CheckFunctionExists.c.o -c /usr/share/cmake/Modules/CheckFunctionExists.c
Linking C executable cmTC_e82b9
/usr/bin/cmake -E cmake_link_script CMakeFiles/cmTC_e82b9.dir/link.txt --verbose=1
/usr/bin/cc  -DCHECK_FUNCTION_EXISTS=snappy_compress CMakeFiles/cmTC_e82b9.dir/CheckFunctionExists.c.o -o cmTC_e82b9  -lsnappy 
/usr/bin/ld: cannot find -lsnappy: No such file or directory
collect2: error: ld returned 1 exit status
gmake[1]: *** [CMakeFiles/cmTC_e82b9.dir/build.make:99: cmTC_e82b9] Error 1
gmake[1]: Leaving directory '/home/cloudshell-user/proj2-543/build_release/CMakeFiles/CMakeTmp'
gmake: *** [Makefile:127: cmTC_e82b9/fast] Error 2



Determining if the function zstd_compress exists in the zstd failed with the following output:
Change Dir: /home/cloudshell-user/proj2-543/build_release/CMakeFiles/CMakeTmp

Run Build Command(s):/usr/bin/gmake -f Makefile cmTC_9d910/fast && /usr/bin/gmake  -f CMakeFiles/cmTC_9d910.dir/build.make CMakeFiles/cmTC_9d910.dir/build
gmake[1]: Entering directory '/home/cloudshell-user/proj2-543/build_release/CMakeFiles/CMakeTmp'
Building C object CMakeFiles/cmTC_9d910.dir/CheckFunctionExists.c.o
/usr/bin/cc   -DCHECK_FUNCTION_EXISTS=zstd_compress -std=c11 -o CMakeFiles/cmTC_9d910.dir/CheckFunctionExists.c.o -c /usr/share/cmake/Modules/CheckFunctionExists.c
Linking C executable cmTC_9d910
/usr/bin/cmake -E cmake_link_script CMakeFiles/cmTC_9d910.dir/link.txt --verbose=1
/usr/bin/cc  -DCHECK_FUNCTION_EXISTS=zstd_compress CMakeFiles/cmTC_9d910.dir/CheckFunctionExists.c.o -o cmTC_9d910  -lzstd 
/usr/bin/ld: cannot find -lzstd: No such file or directory
collect2: error: ld returned 1 exit status
gmake[1]: *** [CMakeFiles/cmTC_9d910.dir/build.make:99: cmTC_9d910] Error 1
gmake[1]: Leaving directory '/home/cloudshell-user/proj2-543/build_release/CMakeFiles/CMakeTmp'
gmake: *** [Makefile:127: cmTC_9d910/fast] Error 2



Determining if the function malloc exists in the tcmalloc failed with the following output:
Change Dir: /home/cloudshell-user/proj2-543/build_release/CMakeFiles/CMakeTmp

Run Build Command(s):/usr/bin/gmake -f Makefile cmTC_96fa2/fast && /usr/bin/gmake  -f CMakeFiles/cmTC_96fa2.dir/build.make CMakeFiles/cmTC_96fa2.dir/build
gmake[1]: Entering directory '/home/cloudshell-user/proj2-543/build_release/CMakeFiles/CMakeTmp'
Building C object CMakeFiles/cmTC_96fa2.dir/CheckFunctionExists.c.o
/usr/bin/cc   -DCHECK_FUNCTION_EXISTS=malloc -std=c11 -o CMakeFiles/cmTC_96fa2.dir/CheckFunctionExists.c.o -c /usr/share/cmake/Modules/CheckFunctionExists.c
<command-line>: warning: conflicting types for built-in function ‘malloc’; expected ‘void *(long unsigned int)’ [-Wbuiltin-declaration-mismatch]
/usr/share/cmake/Modules/CheckFunctionExists.c:7:3: note: in expansion of macro ‘CHECK_FUNCTION_EXISTS’
    7 |   CHECK_FUNCTION_EXISTS(void);
      |   ^~~~~~~~~~~~~~~~~~~~~
/usr/share/cmake/Modules/CheckFunctionExists.c:1:1: note: ‘malloc’ is declared in header ‘<stdlib.h>’
  +++ |+#include <stdlib.h>
    1 | #ifdef CHECK_FUNCTION_EXISTS
Linking C executable cmTC_96fa2
/usr/bin/cmake -E cmake_link_script CMakeFiles/cmTC_96fa2.dir/link.txt --verbose=1
/usr/bin/cc  -DCHECK_FUNCTION_EXISTS=malloc CMakeFiles/cmTC_96fa2.dir/CheckFunctionExists.c.o -o cmTC_96fa2  -ltcmalloc 
/usr/bin/ld: cannot find -ltcmalloc: No such file or directory
collect2: error: ld returned 1 exit status
gmake[1]: *** [CMakeFiles/cmTC_96fa2.dir/build.make:99: cmTC_96fa2] Error 1
gmake[1]: Leaving directory '/home/cloudshell-user/proj2-543/build_release/CMakeFiles/CMakeTmp'
gmake: *** [Makefile:127: cmTC_96fa2/fast] Error 2



Determining if the F_FULLFSYNC exist failed with the following output:
Change Dir: /home/cloudshell-user/proj2-543/build_release/CMakeFiles/CMakeTmp

Run Build Command(s):/usr/bin/gmake -f Makefile cmTC_017f4/fast && /usr/bin/gmake  -f CMakeFiles/cmTC_017f4.dir/build.make CMakeFiles/cmTC_017f4.dir/build
gmake[1]: Entering directory '/home/cloudshell-user/proj2-543/build_release/CMakeFiles/CMakeTmp'
Building CXX object CMakeFiles/cmTC_017f4.dir/CheckSymbolExists.cxx.o
/usr/bin/c++   -O3 -mavx2 -g -O0  -std=c++17 -o CMakeFiles/cmTC_017f4.dir/CheckSymbolExists.cxx.o -c /home/cloudshell-user/proj2-543/build_release/CMakeFiles/CMakeTmp/CheckSymbolExists.cxx
/home/cloudshell-user/proj2-543/build_release/CMakeFiles/CMakeTmp/CheckSymbolExists.cxx: In function ‘int main(int, char**)’:
/home/cloudshell-user/proj2-543/build_release/CMakeFiles/CMakeTmp/CheckSymbolExists.cxx:8:19: error: ‘F_FULLFSYNC’ was not declared in this scope
    8 |   return ((int*)(&F_FULLFSYNC))[argc];
      |                   ^~~~~~~~~~~
gmake[1]: *** [CMakeFiles/cmTC_017f4.dir/build.make:78: CMakeFiles/cmTC_017f4.dir/CheckSymbolExists.cxx.o] Error 1
gmake[1]: Leaving directory '/home/cloudshell-user/proj2-543/build_release/CMakeFiles/CMakeTmp'
gmake: *** [Makefile:127: cmTC_017f4/fast] Error 2


File /home/cloudshell-user/proj2-543/build_release/CMakeFiles/CMakeTmp/CheckSymbolExists.cxx:
/* */
#include <fcntl.h>

int main(int argc, char** argv)
{
  (void)argv;
#ifndef F_FULLFSYNC
  return ((int*)(&F_FULLFSYNC))[argc];
#else
  (void)argc;
  return 0;
#endif
}
Performing C++ SOURCE FILE Test HAVE_CLANG_THREAD_SAFETY failed with the following output:
Change Dir: /home/cloudshell-user/proj2-543/build_release/CMakeFiles/CMakeTmp

Run Build Command(s):/usr/bin/gmake -f Makefile cmTC_e1dbd/fast && /usr/bin/gmake  -f CMakeFiles/cmTC_e1dbd.dir/build.make CMakeFiles/cmTC_e1dbd.dir/build
gmake[1]: Entering directory '/home/cloudshell-user/proj2-543/build_release/CMakeFiles/CMakeTmp'
Building CXX object CMakeFiles/cmTC_e1dbd.dir/src.cxx.o
/usr/bin/c++ -DHAVE_CLANG_THREAD_SAFETY  -O3 -mavx2 -g -O0 -fno-exceptions -fno-rtti    -Wthread-safety -std=c++17 -o CMakeFiles/cmTC_e1dbd.dir/src.cxx.o -c /home/cloudshell-user/proj2-543/build_release/CMakeFiles/CMakeTmp/src.cxx
c++: error: unrecognized command-line option '-Wthread-safety'
gmake[1]: *** [CMakeFiles/cmTC_e1dbd.dir/build.make:78: CMakeFiles/cmTC_e1dbd.dir/src.cxx.o] Error 1
gmake[1]: Leaving directory '/home/cloudshell-user/proj2-543/build_release/CMakeFiles/CMakeTmp'
gmake: *** [Makefile:127: cmTC_e1dbd/fast] Error 2


Source file was:
int main() { return 0; }
Performing C++ SOURCE FILE Test HAVE_CXX_FLAG_WSHORTEN_64_TO_32 failed with the following output:
Change Dir: /home/cloudshell-user/proj2-543/build_release/CMakeFiles/CMakeTmp

Run Build Command(s):/usr/bin/gmake -f Makefile cmTC_50340/fast && /usr/bin/gmake  -f CMakeFiles/cmTC_50340.dir/build.make CMakeFiles/cmTC_50340.dir/build
gmake[1]: Entering directory '/home/cloudshell-user/proj2-543/build_release/CMakeFiles/CMakeTmp'
Building CXX object CMakeFiles/cmTC_50340.dir/src.cxx.o
/usr/bin/c++ -DHAVE_CXX_FLAG_WSHORTEN_64_TO_32  -O3 -mavx2 -g -O0 -fno-exceptions -fno-rtti  -Wall  -Wextra  -Wshadow  -Wfloat-equal  -Wold-style-cast  -Wconversion  -Wformat=2  -Werror  -Wsuggest-override  -pedantic  -pedantic-errors  -Wshorten-64-to-32   -Wshorten-64-to-32 -std=c++17 -o CMakeFiles/cmTC_50340.dir/src.cxx.o -c /home/cloudshell-user/proj2-543/build_release/CMakeFiles/CMakeTmp/src.cxx
c++: error: unrecognized command-line option '-Wshorten-64-to-32'
c++: error: unrecognized command-line option '-Wshorten-64-to-32'
gmake[1]: *** [CMakeFiles/cmTC_50340.dir/build.make:78: CMakeFiles/cmTC_50340.dir/src.cxx.o] Error 1
gmake[1]: Leaving directory '/home/cloudshell-user/proj2-543/build_release/CMakeFiles/CMakeTmp'
gmake: *** [Makefile:127: cmTC_50340/fast] Error 2


Source file was:
int main() { return 0; }
Performing C++ SOURCE FILE Test HAVE_CXX_FLAG_WTHREAD_SAFETY failed with the following output:
Change Dir: /home/cloudshell-user/proj2-543/build_release/CMakeFiles/CMakeTmp

Run Build Command(s):/usr/bin/gmake -f Makefile cmTC_3aecf/fast && /usr/bin/gmake  -f CMakeFiles/cmTC_3aecf.dir/build.make CMakeFiles/cmTC_3aecf.dir/build
gmake[1]: Entering directory '/home/cloudshell-user/proj2-543/build_release/CMakeFiles/CMakeTmp'
Building CXX object CMakeFiles/cmTC_3aecf.dir/src.cxx.o
/usr/bin/c++ -DHAVE_CXX_FLAG_WTHREAD_SAFETY  -O3 -mavx2 -g -O0 -fno-exceptions -fno-rtti  -Wall  -Wextra  -Wshadow  -Wfloat-equal  -Wold-style-cast  -Wconversion  -Wformat=2  -Werror  -Wsuggest-override  -pedantic  -pedantic-errors  -fstrict-aliasing  -Wno-deprecated-declarations  -Wno-deprecated  -fno-exceptions  -Wstrict-aliasing  -Wthread-safety   -Wthread-safety -std=c++17 -o CMakeFiles/cmTC_3aecf.dir/src.cxx.o -c /home/cloudshell-user/proj2-543/build_release/CMakeFiles/CMakeTmp/src.cxx
c++: error: unrecognized command-line option '-Wthread-safety'
c++: error: unrecognized command-line option '-Wthread-safety'
gmake[1]: *** [CMakeFiles/cmTC_3aecf.dir/build.make:78: CMakeFiles/cmTC_3aecf.dir/src.cxx.o] Error 1
gmake[1]: Leaving directory '/home/cloudshell-user/proj2-543/build_release/CMakeFiles/CMakeTmp'
gmake: *** [Makefile:127: cmTC_3aecf/fast] Error 2


Source file was:
int main() { return 0; }
Determining if the function sqlite3_open exists in the sqlite3 failed with the following output:
Change Dir: /home/cloudshell-user/proj2-543/build_release/CMakeFiles/CMakeTmp

Run Build Command(s):/usr/bin/gmake -f Makefile cmTC_13ff0/fast && /usr/bin/gmake  -f CMakeFiles/cmTC_13ff0.dir/build.make CMakeFiles/cmTC_13ff0.dir/build
gmake[1]: Entering directory '/home/cloudshell-user/proj2-543/build_release/CMakeFiles/CMakeTmp'
Building C object CMakeFiles/cmTC_13ff0.dir/CheckFunctionExists.c.o
/usr/bin/cc   -Wstrict-prototypes -DCHECK_FUNCTION_EXISTS=sqlite3_open -std=c11 -o CMakeFiles/cmTC_13ff0.dir/CheckFunctionExists.c.o -c /usr/share/cmake/Modules/CheckFunctionExists.c
Linking C executable cmTC_13ff0
/usr/bin/cmake -E cmake_link_script CMakeFiles/cmTC_13ff0.dir/link.txt --verbose=1
/usr/bin/cc  -Wstrict-prototypes -DCHECK_FUNCTION_EXISTS=sqlite3_open CMakeFiles/cmTC_13ff0.dir/CheckFunctionExists.c.o -o cmTC_13ff0  -lsqlite3 
/usr/bin/ld: cannot find -lsqlite3: No such file or directory
collect2: error: ld returned 1 exit status
gmake[1]: *** [CMakeFiles/cmTC_13ff0.dir/build.make:99: cmTC_13ff0] Error 1
gmake[1]: Leaving directory '/home/cloudshell-user/proj2-543/build_release/CMakeFiles/CMakeTmp'
gmake: *** [Makefile:127: cmTC_13ff0/fast] Error 2



Performing C++ SOURCE FILE Test HAVE_KYOTOCABINET failed with the following output:
Change Dir: /home/cloudshell-user/proj2-543/build_release/CMakeFiles/CMakeTmp

Run Build Command(s):/usr/bin/gmake -f Makefile cmTC_a4b85/fast && /usr/bin/gmake  -f CMakeFiles/cmTC_a4b85.dir/build.make CMakeFiles/cmTC_a4b85.dir/build
gmake[1]: Entering directory '/home/cloudshell-user/proj2-543/build_release/CMakeFiles/CMakeTmp'
Building CXX object CMakeFiles/cmTC_a4b85.dir/src.cxx.o
/usr/bin/c++ -DHAVE_KYOTOCABINET  -O3 -mavx2 -g -O0 -fno-exceptions -fno-rtti  -std=c++17 -o CMakeFiles/cmTC_a4b85.dir/src.cxx.o -c /home/cloudshell-user/proj2-543/build_release/CMakeFiles/CMakeTmp/src.cxx
/home/cloudshell-user/proj2-543/build_release/CMakeFiles/CMakeTmp/src.cxx:2:10: fatal error: kcpolydb.h: No such file or directory
    2 | #include <kcpolydb.h>
      |          ^~~~~~~~~~~~
compilation terminated.
gmake[1]: *** [CMakeFiles/cmTC_a4b85.dir/build.make:78: CMakeFiles/cmTC_a4b85.dir/src.cxx.o] Error 1
gmake[1]: Leaving directory '/home/cloudshell-user/proj2-543/build_release/CMakeFiles/CMakeTmp'
gmake: *** [Makefile:127: cmTC_a4b85/fast] Error 2


Source file was:

#include <kcpolydb.h>

int main() {
  kyotocabinet::TreeDB* db = new kyotocabinet::TreeDB();
  delete db;
  return 0;
}
  
